<?xml version="1.0" encoding="UTF-8"?>
<!-- Generated by org.testng.reporters.JUnitReportReporter -->
<testsuite hostname="DESKTOP-TG69BTG" failures="0" tests="1" name="ExtentReport.LearnExtentReports" time="1.106" errors="0" timestamp="2025-07-29T13:29:12 IST" skipped="0">
  <testcase classname="ExtentReport.LearnExtentReports" name="createReport" time="1.106"/>
</testsuite> <!-- ExtentReport.LearnExtentReports -->
