<?xml version="1.0" encoding="UTF-8"?>
<!-- Generated by org.testng.reporters.JUnitReportReporter -->
<testsuite hostname="DESKTOP-TG69BTG" failures="0" tests="1" name="ExtentReport.AddScreenshotIntoReport" time="28.757" errors="0" timestamp="2025-08-02T12:44:51 IST" skipped="0">
  <testcase classname="ExtentReport.AddScreenshotIntoReport" name="addScreenshot" time="28.757"/>
</testsuite> <!-- ExtentReport.AddScreenshotIntoReport -->
