<?xml version="1.0" encoding="UTF-8"?>
<!-- Generated by org.testng.reporters.JUnitReportReporter -->
<testsuite hostname="DESKTOP-TG69BTG" failures="0" tests="1" name="Demo.Launch" time="8.892" errors="0" timestamp="2025-07-25T13:40:03 IST" skipped="0">
  <testcase classname="Demo.Launch" name="launch" time="8.892"/>
</testsuite> <!-- Demo.Launch -->
